<?xml version="1.0" encoding="UTF-8" ?>
<testsuite errors="0" failures="2" hostname="office27" name="invoicing.controller.InvoiceRegisterTest" skipped="0" tests="2" time="0.03" timestamp="2019-05-23T12:45:49">
  <properties>
[...]
</properties>
  <testcase classname="invoicing.controller.InvoiceRegisterTest" name="testFindProductByProductCode" time="0.005">
    <failure message="Not yet implemented" type="junit.framework.AssertionFailedError">junit.framework.AssertionFailedError: Not yet implemented
	at invoicing.controller.InvoiceRegisterTest.testFindProductByProductCode(InvoiceRegisterTest.java:11)
	at org.eclipse.ant.internal.launching.remote.EclipseDefaultExecutor.executeTargets(EclipseDefaultExecutor.java:36)
	at org.eclipse.ant.internal.launching.remote.InternalAntRunner.run(InternalAntRunner.java:460)
	at org.eclipse.ant.internal.launching.remote.InternalAntRunner.main(InternalAntRunner.java:142)
</failure>
  </testcase>
  <testcase classname="invoicing.controller.InvoiceRegisterTest" name="testAddProduct" time="0.001">
    <failure message="Not yet implemented" type="junit.framework.AssertionFailedError">junit.framework.AssertionFailedError: Not yet implemented
	at invoicing.controller.InvoiceRegisterTest.testAddProduct(InvoiceRegisterTest.java:16)
	at org.eclipse.ant.internal.launching.remote.EclipseDefaultExecutor.executeTargets(EclipseDefaultExecutor.java:36)
	at org.eclipse.ant.internal.launching.remote.InternalAntRunner.run(InternalAntRunner.java:460)
	at org.eclipse.ant.internal.launching.remote.InternalAntRunner.main(InternalAntRunner.java:142)
</failure>
  </testcase>
  <system-out><![CDATA[]]></system-out>
  <system-err><![CDATA[]]></system-err>
</testsuite>
