<?xml version="1.0" encoding="UTF-8" ?>
<testsuite errors="0" failures="0" hostname="office27" name="invoicing.controller.InvoiceRegisterTest" skipped="0" tests="2" time="0.041" timestamp="2019-05-23T13:22:15">
  <properties>
[...]
</properties>
  <testcase classname="invoicing.controller.InvoiceRegisterTest" name="givenNonexistngProduct_whenAddProduct_thenProductAddedSuccessfully" time="0.005" />
  <testcase classname="invoicing.controller.InvoiceRegisterTest" name="givenExistngProduct_whenfindProductByProductCode_thenProductFound" time="0.0" />
  <system-out><![CDATA[]]></system-out>
  <system-err><![CDATA[]]></system-err>
</testsuite>
